<?xml version="1.0" encoding="UTF-8"?>
<!-- Generated by org.testng.reporters.JUnitReportReporter -->
<testsuite hostname="DESKTOP-GVDFR5K" failures="0" tests="1" name="RunDeleteProductTest" time="9.861" errors="0" timestamp="2024-01-21T17:12:34 CET" skipped="0">
  <testcase classname="RunDeleteProductTest" name="runScenario" time="9.861"/>
</testsuite> <!-- RunDeleteProductTest -->
