<?xml version="1.0" encoding="UTF-8"?>
<!-- Generated by org.testng.reporters.JUnitReportReporter -->
<testsuite hostname="DESKTOP-GVDFR5K" failures="0" tests="3" name="RunSignupTest" time="15.314" errors="0" timestamp="2024-01-20T18:55:41 CET" skipped="0">
  <testcase classname="RunSignupTest" name="runScenario" time="5.735"/>
  <testcase classname="RunSignupTest" name="runScenario" time="4.659"/>
  <testcase classname="RunSignupTest" name="runScenario" time="4.920"/>
</testsuite> <!-- RunSignupTest -->
