<?xml version="1.0" encoding="UTF-8"?>
<!-- Generated by org.testng.reporters.JUnitReportReporter -->
<testsuite hostname="DESKTOP-GVDFR5K" failures="0" tests="3" name="RunLoginTest" time="5.602" errors="0" timestamp="2024-01-20T18:52:11 CET" skipped="0">
  <testcase classname="RunLoginTest" name="runScenario" time="0.614"/>
  <testcase classname="RunLoginTest" name="runScenario" time="0.632"/>
  <testcase classname="RunLoginTest" name="runScenario" time="4.356"/>
</testsuite> <!-- RunLoginTest -->
