<?xml version="1.0" encoding="UTF-8"?>
<!-- Generated by org.testng.reporters.JUnitReportReporter -->
<testsuite hostname="DESKTOP-GVDFR5K" failures="0" tests="2" name="RunContactTest" time="10.406" errors="0" timestamp="2024-01-21T14:08:27 CET" skipped="0">
  <testcase classname="RunContactTest" name="runScenario" time="4.651"/>
  <testcase classname="RunContactTest" name="runScenario" time="5.755"/>
</testsuite> <!-- RunContactTest -->
