<?xml version="1.0" encoding="UTF-8"?>
<!-- Generated by org.testng.reporters.JUnitReportReporter -->
<testsuite hostname="DESKTOP-GVDFR5K" failures="0" tests="3" name="RunCategoryTest" time="8.500" errors="0" timestamp="2024-01-21T12:45:00 CET" skipped="0">
  <testcase classname="RunCategoryTest" name="runScenario" time="6.117"/>
  <testcase classname="RunCategoryTest" name="runScenario" time="1.182"/>
  <testcase classname="RunCategoryTest" name="runScenario" time="1.201"/>
</testsuite> <!-- RunCategoryTest -->
