<?xml version="1.0" encoding="UTF-8"?>
<!-- Generated by org.testng.reporters.JUnitReportReporter -->
<testsuite hostname="DESKTOP-GVDFR5K" failures="0" tests="1" name="RunAboutUsTest" time="7.150" errors="0" timestamp="2024-01-20T18:54:10 CET" skipped="0">
  <testcase classname="RunAboutUsTest" name="runScenario" time="7.150"/>
</testsuite> <!-- RunAboutUsTest -->
