<?xml version="1.0" encoding="UTF-8"?>
<!-- Generated by org.testng.reporters.JUnitReportReporter -->
<testsuite hostname="DESKTOP-GVDFR5K" failures="0" tests="3" name="RunLoginTest" time="12.428" errors="0" timestamp="2024-01-19T18:19:30 CET" skipped="0">
  <testcase classname="RunLoginTest" name="runScenario" time="4.333"/>
  <testcase classname="RunLoginTest" name="runScenario" time="3.847"/>
  <testcase classname="RunLoginTest" name="runScenario" time="4.248"/>
</testsuite> <!-- RunLoginTest -->
