<?xml version="1.0" encoding="UTF-8"?>
<!-- Generated by org.testng.reporters.JUnitReportReporter -->
<testsuite hostname="DESKTOP-GVDFR5K" failures="0" tests="1" name="RunProductsTest" time="20.684" errors="0" timestamp="2024-01-21T17:38:24 CET" skipped="0">
  <testcase classname="RunProductsTest" name="runScenario" time="20.684"/>
</testsuite> <!-- RunProductsTest -->
