<?xml version="1.0" encoding="UTF-8"?>
<!-- Generated by org.testng.reporters.JUnitReportReporter -->
<testsuite hostname="DESKTOP-GVDFR5K" failures="0" tests="2" name="RunPlaceOrderTest" time="21.780" errors="0" timestamp="2024-01-21T17:13:16 CET" skipped="0">
  <testcase classname="RunPlaceOrderTest" name="runScenario" time="11.297"/>
  <testcase classname="RunPlaceOrderTest" name="runScenario" time="10.483"/>
</testsuite> <!-- RunPlaceOrderTest -->
