<?xml version="1.0" encoding="UTF-8"?>
<!-- Generated by org.testng.reporters.JUnitReportReporter -->
<testsuite hostname="DESKTOP-GVDFR5K" failures="0" tests="3" name="RunCategoryTest" time="7.442" errors="0" timestamp="2024-01-20T19:26:31 CET" skipped="0">
  <testcase classname="RunCategoryTest" name="runScenario" time="1.158"/>
  <testcase classname="RunCategoryTest" name="runScenario" time="5.116"/>
  <testcase classname="RunCategoryTest" name="runScenario" time="1.168"/>
</testsuite> <!-- RunCategoryTest -->
